Arguments: 
  C:\Program Files\nodejs\node.exe C:\Program Files (x86)\Yarn\bin\yarn.js start

PATH: 
  C:\ProgramData\Oracle\Java\javapath;C:\Program Files\nodejs;C:\Users\20160515s\AppData\Roaming\npm;C:\Program Files\Git\cmd;C:\WINDOWS\system32;C:\WINDOWS;C:\WINDOWS\System32\Wbem;C:\WINDOWS\System32\WindowsPowerShell\v1.0\;C:\WINDOWS\System32\OpenSSH\;C:\Program Files\nodejs\;C:\Program Files (x86)\Yarn\bin\;C:\Ruby25-x64\bin;C:\Ruby26-x64\bin;C:\Users\20160515s\AppData\Local\Microsoft\WindowsApps;C:\Users\20160515s\AppData\Local\Microsoft\WindowsApps;C:\Users\20160515s\AppData\Local\Programs\Microsoft VS Code\bin;C:\Users\20160515s\AppData\Roaming\npm;C:\Users\20160515s\AppData\Local\Yarn\bin

Yarn version: 
  1.17.3

Node version: 
  12.6.0

Platform: 
  win32 x64

Trace: 
  SyntaxError: C:\Users\20160515s\Desktop\resipes\package.json: Unexpected string in JSON at position 88
      at JSON.parse (<anonymous>)
      at C:\Program Files (x86)\Yarn\lib\cli.js:1625:59
      at Generator.next (<anonymous>)
      at step (C:\Program Files (x86)\Yarn\lib\cli.js:304:30)
      at C:\Program Files (x86)\Yarn\lib\cli.js:315:13

npm manifest: 
  {
    "name": "resipes",
    "version": "1.0.0",
    "main": "index.js",
    "license": "MIT"
    "scripts": {
      "start": "node ./index.js"
    }
  }

yarn manifest: 
  No manifest

Lockfile: 
  No lockfile
